** Daemonized, any open files are closed.  Look at /Users/kpepple/DraftDay/log/locomotive.pid and log/mongrel.log for info.
** Starting Mongrel listening at 0.0.0.0:3002
** Starting Rails with development environment...
** Rails loaded.
** Loading any Rails specific GemPlugins
** Signals ready.  TERM => stop.  USR2 => restart.  INT => stop (no restart).
** Rails signals registered.  HUP => reload (without restart).  It might not work well.
** Mongrel available at 0.0.0.0:3002
** Writing PID file to /Users/kpepple/DraftDay/log/locomotive.pid
** TERM signal received.
** Daemonized, any open files are closed.  Look at /Users/kpepple/DraftDay/log/locomotive.pid and log/mongrel.log for info.
** Starting Mongrel listening at 0.0.0.0:3002
** Starting Rails with development environment...
** Rails loaded.
** Loading any Rails specific GemPlugins
** Signals ready.  TERM => stop.  USR2 => restart.  INT => stop (no restart).
** Rails signals registered.  HUP => reload (without restart).  It might not work well.
** Mongrel available at 0.0.0.0:3002
** Writing PID file to /Users/kpepple/DraftDay/log/locomotive.pid
** TERM signal received.
** Daemonized, any open files are closed.  Look at /Users/kpepple/DraftDay/log/locomotive.pid and log/mongrel.log for info.
** Starting Mongrel listening at 0.0.0.0:3002
** Starting Rails with development environment...
** Rails loaded.
** Loading any Rails specific GemPlugins
** Signals ready.  TERM => stop.  USR2 => restart.  INT => stop (no restart).
** Rails signals registered.  HUP => reload (without restart).  It might not work well.
** Mongrel available at 0.0.0.0:3002
** Writing PID file to /Users/kpepple/DraftDay/log/locomotive.pid
** TERM signal received.
** Daemonized, any open files are closed.  Look at /Users/kpepple/DraftDay/log/locomotive.pid and log/mongrel.log for info.
** Starting Mongrel listening at 0.0.0.0:3002
** Starting Rails with development environment...
** Rails loaded.
** Loading any Rails specific GemPlugins
** Signals ready.  TERM => stop.  USR2 => restart.  INT => stop (no restart).
** Rails signals registered.  HUP => reload (without restart).  It might not work well.
** Mongrel available at 0.0.0.0:3002
** Writing PID file to /Users/kpepple/DraftDay/log/locomotive.pid
** TERM signal received.
** Daemonized, any open files are closed.  Look at /Users/kpepple/DraftDay/log/locomotive.pid and log/mongrel.log for info.
** Starting Mongrel listening at 0.0.0.0:3002
** Starting Rails with development environment...
** Rails loaded.
** Loading any Rails specific GemPlugins
** Signals ready.  TERM => stop.  USR2 => restart.  INT => stop (no restart).
** Rails signals registered.  HUP => reload (without restart).  It might not work well.
** Mongrel available at 0.0.0.0:3002
** Writing PID file to /Users/kpepple/DraftDay/log/locomotive.pid
** TERM signal received.
** Daemonized, any open files are closed.  Look at /Users/kpepple/DraftDay/log/locomotive.pid and log/mongrel.log for info.
** Starting Mongrel listening at 0.0.0.0:3002
** Starting Rails with development environment...
** Rails loaded.
** Loading any Rails specific GemPlugins
** Signals ready.  TERM => stop.  USR2 => restart.  INT => stop (no restart).
** Rails signals registered.  HUP => reload (without restart).  It might not work well.
** Mongrel available at 0.0.0.0:3002
** Writing PID file to /Users/kpepple/DraftDay/log/locomotive.pid
** TERM signal received.
** Daemonized, any open files are closed.  Look at /Users/kpepple/DraftDay/log/locomotive.pid and log/mongrel.log for info.
** Starting Mongrel listening at 0.0.0.0:3002
** Starting Rails with development environment...
** Rails loaded.
** Loading any Rails specific GemPlugins
** Signals ready.  TERM => stop.  USR2 => restart.  INT => stop (no restart).
** Rails signals registered.  HUP => reload (without restart).  It might not work well.
** Mongrel available at 0.0.0.0:3002
** Writing PID file to /Users/kpepple/DraftDay/log/locomotive.pid
** TERM signal received.
** Daemonized, any open files are closed.  Look at /Users/kpepple/DraftDay/log/locomotive.pid and log/mongrel.log for info.
** Starting Mongrel listening at 0.0.0.0:3002
** Starting Rails with development environment...
** Rails loaded.
** Loading any Rails specific GemPlugins
** Signals ready.  TERM => stop.  USR2 => restart.  INT => stop (no restart).
** Rails signals registered.  HUP => reload (without restart).  It might not work well.
** Mongrel available at 0.0.0.0:3002
** Writing PID file to /Users/kpepple/DraftDay/log/locomotive.pid
** TERM signal received.
** Daemonized, any open files are closed.  Look at /Users/kpepple/DraftDay/log/locomotive.pid and log/mongrel.log for info.
** Starting Mongrel listening at 0.0.0.0:3002
** Starting Rails with development environment...
** Rails loaded.
** Loading any Rails specific GemPlugins
** Signals ready.  TERM => stop.  USR2 => restart.  INT => stop (no restart).
** Rails signals registered.  HUP => reload (without restart).  It might not work well.
** Mongrel available at 0.0.0.0:3002
** Writing PID file to /Users/kpepple/DraftDay/log/locomotive.pid
** TERM signal received.
** Daemonized, any open files are closed.  Look at /Users/kpepple/DraftDay/log/locomotive.pid and log/mongrel.log for info.
** Starting Mongrel listening at 0.0.0.0:3002
** Starting Rails with development environment...
** Rails loaded.
** Loading any Rails specific GemPlugins
** Signals ready.  TERM => stop.  USR2 => restart.  INT => stop (no restart).
** Rails signals registered.  HUP => reload (without restart).  It might not work well.
** Mongrel available at 0.0.0.0:3002
** Writing PID file to /Users/kpepple/DraftDay/log/locomotive.pid
** TERM signal received.
** Daemonized, any open files are closed.  Look at /Users/kpepple/DraftDay/log/locomotive.pid and log/mongrel.log for info.
** Starting Mongrel listening at 0.0.0.0:3002
** Starting Rails with development environment...
** Rails loaded.
** Loading any Rails specific GemPlugins
** Signals ready.  TERM => stop.  USR2 => restart.  INT => stop (no restart).
** Rails signals registered.  HUP => reload (without restart).  It might not work well.
** Mongrel available at 0.0.0.0:3002
** Writing PID file to /Users/kpepple/DraftDay/log/locomotive.pid
** TERM signal received.
** Daemonized, any open files are closed.  Look at /Users/kpepple/DraftDay/log/locomotive.pid and log/mongrel.log for info.
** Starting Mongrel listening at 0.0.0.0:3002
** Starting Rails with development environment...
** Rails loaded.
** Loading any Rails specific GemPlugins
** Signals ready.  TERM => stop.  USR2 => restart.  INT => stop (no restart).
** Rails signals registered.  HUP => reload (without restart).  It might not work well.
** Mongrel available at 0.0.0.0:3002
** Writing PID file to /Users/kpepple/DraftDay/log/locomotive.pid
** TERM signal received.
** Daemonized, any open files are closed.  Look at /Users/kpepple/DraftDay/log/locomotive.pid and log/mongrel.log for info.
** Starting Mongrel listening at 0.0.0.0:3002
** Starting Rails with development environment...
** Rails loaded.
** Loading any Rails specific GemPlugins
** Signals ready.  TERM => stop.  USR2 => restart.  INT => stop (no restart).
** Rails signals registered.  HUP => reload (without restart).  It might not work well.
** Mongrel available at 0.0.0.0:3002
** Writing PID file to /Users/kpepple/DraftDay/log/locomotive.pid
/Users/kpepple/DraftDay/config/../app/views/playeradmin/list.rhtml:35: warning: string literal in condition
/Users/kpepple/DraftDay/config/../app/views/playeradmin/list.rhtml:22: warning: string literal in condition
/Users/kpepple/DraftDay/config/../app/views/playeradmin/list.rhtml:22: warning: string literal in condition
/Users/kpepple/DraftDay/config/../app/views/playeradmin/list.rhtml:36: warning: found = in conditional, should be ==
/Users/kpepple/DraftDay/config/../app/views/playeradmin/list.rhtml:45: warning: found = in conditional, should be ==
/Users/kpepple/DraftDay/config/../app/views/playeradmin/list.rhtml:36: warning: found = in conditional, should be ==
/Users/kpepple/DraftDay/config/../app/views/playeradmin/list.rhtml:45: warning: found = in conditional, should be ==
** TERM signal received.
** Daemonized, any open files are closed.  Look at /Users/kpepple/DraftDay/log/locomotive.pid and log/mongrel.log for info.
** Starting Mongrel listening at 0.0.0.0:3002
** Starting Rails with development environment...
** Rails loaded.
** Loading any Rails specific GemPlugins
** Signals ready.  TERM => stop.  USR2 => restart.  INT => stop (no restart).
** Rails signals registered.  HUP => reload (without restart).  It might not work well.
** Mongrel available at 0.0.0.0:3002
** Writing PID file to /Users/kpepple/DraftDay/log/locomotive.pid
** TERM signal received.
** Daemonized, any open files are closed.  Look at /Users/kpepple/DraftDay/log/locomotive.pid and log/mongrel.log for info.
** Starting Mongrel listening at 0.0.0.0:3002
** Starting Rails with development environment...
** Rails loaded.
** Loading any Rails specific GemPlugins
** Signals ready.  TERM => stop.  USR2 => restart.  INT => stop (no restart).
** Rails signals registered.  HUP => reload (without restart).  It might not work well.
** Mongrel available at 0.0.0.0:3002
** Writing PID file to /Users/kpepple/DraftDay/log/locomotive.pid
** TERM signal received.
** Daemonized, any open files are closed.  Look at /Users/kpepple/DraftDay/log/locomotive.pid and log/mongrel.log for info.
** Starting Mongrel listening at 0.0.0.0:3002
** Starting Rails with development environment...
** Rails loaded.
** Loading any Rails specific GemPlugins
** Signals ready.  TERM => stop.  USR2 => restart.  INT => stop (no restart).
** Rails signals registered.  HUP => reload (without restart).  It might not work well.
** Mongrel available at 0.0.0.0:3002
** Writing PID file to /Users/kpepple/DraftDay/log/locomotive.pid
** TERM signal received.
** Daemonized, any open files are closed.  Look at /Users/kpepple/DraftDay/log/locomotive.pid and log/mongrel.log for info.
** Starting Mongrel listening at 0.0.0.0:3002
** Starting Rails with development environment...
** Rails loaded.
** Loading any Rails specific GemPlugins
** Signals ready.  TERM => stop.  USR2 => restart.  INT => stop (no restart).
** Rails signals registered.  HUP => reload (without restart).  It might not work well.
** Mongrel available at 0.0.0.0:3002
** Writing PID file to /Users/kpepple/DraftDay/log/locomotive.pid
/Users/kpepple/DraftDay/config/../app/views/playeradmin/_search.rhtml:10: warning: regexp has invalid interval
/Users/kpepple/DraftDay/config/../app/views/playeradmin/_search.rhtml:10: warning: regexp has `}' without escape
** TERM signal received.
** Daemonized, any open files are closed.  Look at /Users/kpepple/DraftDay/log/locomotive.pid and log/mongrel.log for info.
** Starting Mongrel listening at 0.0.0.0:3002
** Starting Rails with development environment...
** Rails loaded.
** Loading any Rails specific GemPlugins
** Signals ready.  TERM => stop.  USR2 => restart.  INT => stop (no restart).
** Rails signals registered.  HUP => reload (without restart).  It might not work well.
** Mongrel available at 0.0.0.0:3002
** Writing PID file to /Users/kpepple/DraftDay/log/locomotive.pid
** TERM signal received.
** Daemonized, any open files are closed.  Look at /Users/kpepple/DraftDay/log/locomotive.pid and log/mongrel.log for info.
** Starting Mongrel listening at 0.0.0.0:3002
** Starting Rails with development environment...
** Rails loaded.
** Loading any Rails specific GemPlugins
** Signals ready.  TERM => stop.  USR2 => restart.  INT => stop (no restart).
** Rails signals registered.  HUP => reload (without restart).  It might not work well.
** Mongrel available at 0.0.0.0:3002
** Writing PID file to /Users/kpepple/DraftDay/log/locomotive.pid
** TERM signal received.
** Daemonized, any open files are closed.  Look at /Users/kpepple/DraftDay/log/locomotive.pid and log/mongrel.log for info.
** Starting Mongrel listening at 0.0.0.0:3002
** Starting Rails with development environment...
** Rails loaded.
** Loading any Rails specific GemPlugins
** Signals ready.  TERM => stop.  USR2 => restart.  INT => stop (no restart).
** Rails signals registered.  HUP => reload (without restart).  It might not work well.
** Mongrel available at 0.0.0.0:3002
** Writing PID file to /Users/kpepple/DraftDay/log/locomotive.pid
** TERM signal received.
** Daemonized, any open files are closed.  Look at /Users/kpepple/DraftDay/log/locomotive.pid and log/mongrel.log for info.
** Starting Mongrel listening at 0.0.0.0:3002
** Starting Rails with development environment...
** Rails loaded.
** Loading any Rails specific GemPlugins
** Signals ready.  TERM => stop.  USR2 => restart.  INT => stop (no restart).
** Rails signals registered.  HUP => reload (without restart).  It might not work well.
** Mongrel available at 0.0.0.0:3002
** Writing PID file to /Users/kpepple/DraftDay/log/locomotive.pid
** TERM signal received.
** Daemonized, any open files are closed.  Look at /Users/kpepple/DraftDay/log/locomotive.pid and log/mongrel.log for info.
** Starting Mongrel listening at 0.0.0.0:3002
** Starting Rails with development environment...
** Rails loaded.
** Loading any Rails specific GemPlugins
** Signals ready.  TERM => stop.  USR2 => restart.  INT => stop (no restart).
** Rails signals registered.  HUP => reload (without restart).  It might not work well.
** Mongrel available at 0.0.0.0:3002
** Writing PID file to /Users/kpepple/DraftDay/log/locomotive.pid
** TERM signal received.
** Daemonized, any open files are closed.  Look at /Users/kpepple/DraftDay/log/locomotive.pid and log/mongrel.log for info.
** Starting Mongrel listening at 0.0.0.0:3002
** Starting Rails with development environment...
** Rails loaded.
** Loading any Rails specific GemPlugins
** Signals ready.  TERM => stop.  USR2 => restart.  INT => stop (no restart).
** Rails signals registered.  HUP => reload (without restart).  It might not work well.
** Mongrel available at 0.0.0.0:3002
** Writing PID file to /Users/kpepple/DraftDay/log/locomotive.pid
** TERM signal received.
** Daemonized, any open files are closed.  Look at /Users/kpepple/DraftDay/log/locomotive.pid and log/mongrel.log for info.
** Starting Mongrel listening at 0.0.0.0:3002
** Starting Rails with development environment...
** Rails loaded.
** Loading any Rails specific GemPlugins
** Signals ready.  TERM => stop.  USR2 => restart.  INT => stop (no restart).
** Rails signals registered.  HUP => reload (without restart).  It might not work well.
** Mongrel available at 0.0.0.0:3002
** Writing PID file to /Users/kpepple/DraftDay/log/locomotive.pid
** TERM signal received.
** Daemonized, any open files are closed.  Look at /Users/kpepple/DraftDay/log/locomotive.pid and log/mongrel.log for info.
** Starting Mongrel listening at 0.0.0.0:3002
** Starting Rails with development environment...
** Rails loaded.
** Loading any Rails specific GemPlugins
** Signals ready.  TERM => stop.  USR2 => restart.  INT => stop (no restart).
** Rails signals registered.  HUP => reload (without restart).  It might not work well.
** Mongrel available at 0.0.0.0:3002
** Writing PID file to /Users/kpepple/DraftDay/log/locomotive.pid
** TERM signal received.
** Daemonized, any open files are closed.  Look at /Users/kpepple/DraftDay/log/locomotive.pid and log/mongrel.log for info.
** Starting Mongrel listening at 0.0.0.0:3002
** Starting Rails with development environment...
Cannot find gem for Rails =1.1.6:
    Install the missing gem with 'gem install -v=1.1.6 rails', or
    change environment.rb to define RAILS_GEM_VERSION with your desired version.
  
** Daemonized, any open files are closed.  Look at /Users/kpepple/DraftDay/log/locomotive.pid and log/mongrel.log for info.
** Starting Mongrel listening at 0.0.0.0:3002
** Starting Rails with development environment...
Cannot find gem for Rails =1.1.6:
    Install the missing gem with 'gem install -v=1.1.6 rails', or
    change environment.rb to define RAILS_GEM_VERSION with your desired version.
  
** Daemonized, any open files are closed.  Look at /Users/kpepple/DraftDay/log/locomotive.pid and log/mongrel.log for info.
** Starting Mongrel listening at 0.0.0.0:3002
** Starting Rails with development environment...
** Rails loaded.
** Loading any Rails specific GemPlugins
** Signals ready.  TERM => stop.  USR2 => restart.  INT => stop (no restart).
** Rails signals registered.  HUP => reload (without restart).  It might not work well.
** Mongrel available at 0.0.0.0:3002
** Writing PID file to /Users/kpepple/DraftDay/log/locomotive.pid
** TERM signal received.
** Daemonized, any open files are closed.  Look at /Users/kpepple/DraftDay/log/locomotive.pid and log/mongrel.log for info.
** Starting Mongrel listening at 0.0.0.0:3002
** Starting Rails with development environment...
** Rails loaded.
** Loading any Rails specific GemPlugins
** Signals ready.  TERM => stop.  USR2 => restart.  INT => stop (no restart).
** Rails signals registered.  HUP => reload (without restart).  It might not work well.
** Mongrel available at 0.0.0.0:3002
** Writing PID file to /Users/kpepple/DraftDay/log/locomotive.pid
** TERM signal received.
** Daemonized, any open files are closed.  Look at /Users/kpepple/DraftDay/log/locomotive.pid and log/mongrel.log for info.
** Starting Mongrel listening at 0.0.0.0:3002
** Starting Rails with development environment...
** Rails loaded.
** Loading any Rails specific GemPlugins
** Signals ready.  TERM => stop.  USR2 => restart.  INT => stop (no restart).
** Rails signals registered.  HUP => reload (without restart).  It might not work well.
** Mongrel available at 0.0.0.0:3002
** Writing PID file to /Users/kpepple/DraftDay/log/locomotive.pid
** TERM signal received.
** Daemonized, any open files are closed.  Look at /Users/kpepple/DraftDay/log/locomotive.pid and log/mongrel.log for info.
** Starting Mongrel listening at 0.0.0.0:3002
** Starting Rails with development environment...
** Rails loaded.
** Loading any Rails specific GemPlugins
** Signals ready.  TERM => stop.  USR2 => restart.  INT => stop (no restart).
** Rails signals registered.  HUP => reload (without restart).  It might not work well.
** Mongrel available at 0.0.0.0:3002
** Writing PID file to /Users/kpepple/DraftDay/log/locomotive.pid
** TERM signal received.
** Daemonized, any open files are closed.  Look at /Users/kpepple/DraftDay/log/locomotive.pid and log/mongrel.log for info.
** Starting Mongrel listening at 0.0.0.0:3002
** Starting Rails with development environment...
** Rails loaded.
** Loading any Rails specific GemPlugins
** Signals ready.  TERM => stop.  USR2 => restart.  INT => stop (no restart).
** Rails signals registered.  HUP => reload (without restart).  It might not work well.
** Mongrel available at 0.0.0.0:3002
** Writing PID file to /Users/kpepple/DraftDay/log/locomotive.pid
** TERM signal received.
** Daemonized, any open files are closed.  Look at /Users/kpepple/DraftDay/log/locomotive.pid and log/mongrel.log for info.
** Starting Mongrel listening at 0.0.0.0:3002
** Starting Rails with development environment...
** Rails loaded.
** Loading any Rails specific GemPlugins
** Signals ready.  TERM => stop.  USR2 => restart.  INT => stop (no restart).
** Rails signals registered.  HUP => reload (without restart).  It might not work well.
** Mongrel available at 0.0.0.0:3002
** Writing PID file to /Users/kpepple/DraftDay/log/locomotive.pid
** TERM signal received.
** Daemonized, any open files are closed.  Look at /Users/kpepple/DraftDay/log/locomotive.pid and log/mongrel.log for info.
** Starting Mongrel listening at 0.0.0.0:3002
** Starting Rails with development environment...
** Rails loaded.
** Loading any Rails specific GemPlugins
** Signals ready.  TERM => stop.  USR2 => restart.  INT => stop (no restart).
** Rails signals registered.  HUP => reload (without restart).  It might not work well.
** Mongrel available at 0.0.0.0:3002
** Writing PID file to /Users/kpepple/DraftDay/log/locomotive.pid
** TERM signal received.
